[27-Nov-2020 10:33:52 UTC] PHP Warning:  mysqli_real_connect(): (HY000/2002): No such file or directory in /srv/http/wp-includes/wp-db.php on line 1635
[27-Nov-2020 10:33:52 UTC] PHP Warning:  mysqli_real_connect(): (HY000/2002): No such file or directory in /srv/http/wp-includes/wp-db.php on line 1635
[27-Nov-2020 14:12:46 UTC] PHP Warning:  scandir(http://localhost/wp-content/themes/alex): failed to open dir: not implemented in /srv/cms2020-wordpress/public/wp-content/themes/alex/functions.php on line 3
[27-Nov-2020 14:12:46 UTC] PHP Warning:  scandir(): (errno 2): No such file or directory in /srv/cms2020-wordpress/public/wp-content/themes/alex/functions.php on line 3
[27-Nov-2020 14:12:46 UTC] PHP Warning:  scandir(http://localhost/wp-content/themes/alex): failed to open dir: not implemented in /srv/cms2020-wordpress/public/wp-content/themes/alex/functions.php on line 3
[27-Nov-2020 14:12:46 UTC] PHP Warning:  scandir(): (errno 2): No such file or directory in /srv/cms2020-wordpress/public/wp-content/themes/alex/functions.php on line 3
[27-Nov-2020 14:12:46 UTC] PHP Warning:  scandir(http://localhost/wp-content/themes/alex): failed to open dir: not implemented in /srv/cms2020-wordpress/public/wp-content/themes/alex/functions.php on line 3
[27-Nov-2020 14:12:46 UTC] PHP Warning:  scandir(): (errno 2): No such file or directory in /srv/cms2020-wordpress/public/wp-content/themes/alex/functions.php on line 3
[27-Nov-2020 14:12:46 UTC] PHP Warning:  scandir(http://localhost/wp-content/themes/alex): failed to open dir: not implemented in /srv/cms2020-wordpress/public/wp-content/themes/alex/functions.php on line 3
[27-Nov-2020 14:12:46 UTC] PHP Warning:  scandir(): (errno 2): No such file or directory in /srv/cms2020-wordpress/public/wp-content/themes/alex/functions.php on line 3
[27-Nov-2020 19:09:34 UTC] PHP Warning:  mysqli_real_connect(): (HY000/2002): No such file or directory in /srv/cms2020-wordpress/public/wp-includes/wp-db.php on line 1635
[27-Nov-2020 19:10:55 UTC] PHP Warning:  mysqli_real_connect(): (HY000/2002): No such file or directory in /srv/cms2020-wordpress/public/wp-includes/wp-db.php on line 1635
[27-Nov-2020 19:10:55 UTC] PHP Warning:  mysqli_real_connect(): (HY000/2002): No such file or directory in /srv/cms2020-wordpress/public/wp-includes/wp-db.php on line 1635
[27-Nov-2020 20:15:45 UTC] PHP Notice:  Trying to access array offset on value of type null in /srv/cms2020-wordpress/public/wp-content/themes/alex/header.php on line 20
[27-Nov-2020 20:22:15 UTC] PHP Parse error:  syntax error, unexpected end of file in /srv/cms2020-wordpress/public/wp-content/themes/alex/header.php on line 29
[27-Nov-2020 20:22:43 UTC] PHP Notice:  Undefined variable: the_query in /srv/cms2020-wordpress/public/wp-content/themes/alex/header.php on line 19
[27-Nov-2020 20:22:43 UTC] PHP Fatal error:  Uncaught Error: Call to a member function have_posts() on null in /srv/cms2020-wordpress/public/wp-content/themes/alex/header.php:19
Stack trace:
#0 /srv/cms2020-wordpress/public/wp-includes/template.php(730): require_once()
#1 /srv/cms2020-wordpress/public/wp-includes/template.php(676): load_template()
#2 /srv/cms2020-wordpress/public/wp-includes/general-template.php(48): locate_template()
#3 /srv/cms2020-wordpress/public/wp-content/themes/alex/index.php(13): get_header()
#4 /srv/cms2020-wordpress/public/wp-includes/template-loader.php(106): include('/srv/cms2020-wo...')
#5 /srv/cms2020-wordpress/public/wp-blog-header.php(19): require_once('/srv/cms2020-wo...')
#6 /srv/cms2020-wordpress/public/index.php(17): require('/srv/cms2020-wo...')
#7 {main}
  thrown in /srv/cms2020-wordpress/public/wp-content/themes/alex/header.php on line 19
[27-Nov-2020 20:22:56 UTC] PHP Notice:  Undefined variable: the_query in /srv/cms2020-wordpress/public/wp-content/themes/alex/header.php on line 19
[27-Nov-2020 20:22:56 UTC] PHP Fatal error:  Uncaught Error: Call to a member function have_posts() on null in /srv/cms2020-wordpress/public/wp-content/themes/alex/header.php:19
Stack trace:
#0 /srv/cms2020-wordpress/public/wp-includes/template.php(730): require_once()
#1 /srv/cms2020-wordpress/public/wp-includes/template.php(676): load_template()
#2 /srv/cms2020-wordpress/public/wp-includes/general-template.php(48): locate_template()
#3 /srv/cms2020-wordpress/public/wp-content/themes/alex/index.php(13): get_header()
#4 /srv/cms2020-wordpress/public/wp-includes/template-loader.php(106): include('/srv/cms2020-wo...')
#5 /srv/cms2020-wordpress/public/wp-blog-header.php(19): require_once('/srv/cms2020-wo...')
#6 /srv/cms2020-wordpress/public/index.php(17): require('/srv/cms2020-wo...')
#7 {main}
  thrown in /srv/cms2020-wordpress/public/wp-content/themes/alex/header.php on line 19
[27-Nov-2020 20:24:37 UTC] PHP Notice:  Undefined index: wpquery in /srv/cms2020-wordpress/public/wp-content/themes/alex/header.php on line 19
[27-Nov-2020 20:24:37 UTC] PHP Notice:  Trying to get property 'request' of non-object in /srv/cms2020-wordpress/public/wp-content/themes/alex/header.php on line 19
[27-Nov-2020 20:31:38 UTC] PHP Notice:  Array to string conversion in /srv/cms2020-wordpress/public/wp-content/themes/alex/header.php on line 20
[27-Nov-2020 20:33:38 UTC] PHP Notice:  Trying to access array offset on value of type null in /srv/cms2020-wordpress/public/wp-content/themes/alex/header.php on line 19
[27-Nov-2020 20:34:08 UTC] PHP Notice:  Trying to access array offset on value of type null in /srv/cms2020-wordpress/public/wp-content/themes/alex/header.php on line 20
[27-Nov-2020 20:34:38 UTC] PHP Notice:  Trying to access array offset on value of type null in /srv/cms2020-wordpress/public/wp-content/themes/alex/header.php on line 20
